# JRE version: OpenJDK Runtime Environment (21.0.7) (build 21.0.7+-13880790-b1038.58)
# Java VM: OpenJDK 64-Bit Server VM (21.0.7+-13880790-b1038.58, mixed mode, tiered, compressed oops, compressed class ptrs, g1 gc, windows-amd64)
GC Precious Log:
 CardTable entry size: 512
 Card Set container configuration: InlinePtr #cards 5 size 8 Array Of Cards #cards 12 size 40 Howl #buckets 4 coarsen threshold 1843 Howl Bitmap #cards 512 size 80 coarsen threshold 460 Card regions per heap region 1 cards per card region 2048
 CPUs: 8 total, 8 available
 Memory: 16337M
 Large Page Support: Disabled
 NUMA Support: Disabled
 Compressed Oops: Enabled (32-bit)
 Heap Region Size: 1M
 Heap Min Capacity: 8M
 Heap Initial Capacity: 256M
 Heap Max Capacity: 2G
 Pre-touch: Disabled
 Parallel Workers: 8
 Concurrent Workers: 2
 Concurrent Refinement Workers: 8
 Periodic GC: Disabled
Heap:
 garbage-first heap   total 248832K, used 130928K [0x0000000080000000, 0x0000000100000000)
  region size 1024K, 2 young (2048K), 2 survivors (2048K)
 Metaspace       used 118793K, committed 121088K, reserved 1179648K
  class space    used 16552K, committed 17664K, reserved 1048576K
GC Heap History (20 events):
Event: 12.483 GC heap after
{Heap after GC invocations=43 (full 0):
 garbage-first heap   total 165888K, used 97817K [0x0000000080000000, 0x0000000100000000)
  region size 1024K, 3 young (3072K), 3 survivors (3072K)
 Metaspace       used 100841K, committed 102912K, reserved 1179648K
  class space    used 13919K, committed 14976K, reserved 1048576K
}
Event: 12.953 GC heap before
{Heap before GC invocations=43 (full 0):
 garbage-first heap   total 165888K, used 150041K [0x0000000080000000, 0x0000000100000000)
  region size 1024K, 54 young (55296K), 3 survivors (3072K)
 Metaspace       used 104595K, committed 106752K, reserved 1179648K
  class space    used 14478K, committed 15552K, reserved 1048576K
}
Event: 12.958 GC heap after
{Heap after GC invocations=44 (full 0):
 garbage-first heap   total 165888K, used 98849K [0x0000000080000000, 0x0000000100000000)
  region size 1024K, 6 young (6144K), 6 survivors (6144K)
 Metaspace       used 104595K, committed 106752K, reserved 1179648K
  class space    used 14478K, committed 15552K, reserved 1048576K
}
Event: 13.494 GC heap before
{Heap before GC invocations=44 (full 0):
 garbage-first heap   total 165888K, used 149025K [0x0000000080000000, 0x0000000100000000)
  region size 1024K, 55 young (56320K), 6 survivors (6144K)
 Metaspace       used 108527K, committed 110656K, reserved 1179648K
  class space    used 15066K, committed 16128K, reserved 1048576K
}
Event: 13.499 GC heap after
{Heap after GC invocations=45 (full 0):
 garbage-first heap   total 165888K, used 101537K [0x0000000080000000, 0x0000000100000000)
  region size 1024K, 7 young (7168K), 7 survivors (7168K)
 Metaspace       used 108527K, committed 110656K, reserved 1179648K
  class space    used 15066K, committed 16128K, reserved 1048576K
}
Event: 14.052 GC heap before
{Heap before GC invocations=46 (full 0):
 garbage-first heap   total 171008K, used 148641K [0x0000000080000000, 0x0000000100000000)
  region size 1024K, 53 young (54272K), 7 survivors (7168K)
 Metaspace       used 112640K, committed 114880K, reserved 1179648K
  class space    used 15672K, committed 16768K, reserved 1048576K
}
Event: 14.059 GC heap after
{Heap after GC invocations=47 (full 0):
 garbage-first heap   total 171008K, used 104051K [0x0000000080000000, 0x0000000100000000)
  region size 1024K, 6 young (6144K), 6 survivors (6144K)
 Metaspace       used 112640K, committed 114880K, reserved 1179648K
  class space    used 15672K, committed 16768K, reserved 1048576K
}
Event: 14.521 GC heap before
{Heap before GC invocations=47 (full 0):
 garbage-first heap   total 171008K, used 154227K [0x0000000080000000, 0x0000000100000000)
  region size 1024K, 55 young (56320K), 6 survivors (6144K)
 Metaspace       used 114267K, committed 116544K, reserved 1179648K
  class space    used 15898K, committed 17024K, reserved 1048576K
}
Event: 14.530 GC heap after
{Heap after GC invocations=48 (full 0):
 garbage-first heap   total 205824K, used 108613K [0x0000000080000000, 0x0000000100000000)
  region size 1024K, 7 young (7168K), 7 survivors (7168K)
 Metaspace       used 114267K, committed 116544K, reserved 1179648K
  class space    used 15898K, committed 17024K, reserved 1048576K
}
Event: 15.310 GC heap before
{Heap before GC invocations=48 (full 0):
 garbage-first heap   total 205824K, used 186437K [0x0000000080000000, 0x0000000100000000)
  region size 1024K, 83 young (84992K), 7 survivors (7168K)
 Metaspace       used 116673K, committed 118912K, reserved 1179648K
  class space    used 16234K, committed 17344K, reserved 1048576K
}
Event: 15.323 GC heap after
{Heap after GC invocations=49 (full 0):
 garbage-first heap   total 206848K, used 121047K [0x0000000080000000, 0x0000000100000000)
  region size 1024K, 11 young (11264K), 11 survivors (11264K)
 Metaspace       used 116673K, committed 118912K, reserved 1179648K
  class space    used 16234K, committed 17344K, reserved 1048576K
}
Event: 15.557 GC heap before
{Heap before GC invocations=50 (full 0):
 garbage-first heap   total 206848K, used 181463K [0x0000000080000000, 0x0000000100000000)
  region size 1024K, 70 young (71680K), 11 survivors (11264K)
 Metaspace       used 116685K, committed 118912K, reserved 1179648K
  class space    used 16234K, committed 17344K, reserved 1048576K
}
Event: 15.566 GC heap after
{Heap after GC invocations=51 (full 0):
 garbage-first heap   total 206848K, used 125591K [0x0000000080000000, 0x0000000100000000)
  region size 1024K, 5 young (5120K), 5 survivors (5120K)
 Metaspace       used 116685K, committed 118912K, reserved 1179648K
  class space    used 16234K, committed 17344K, reserved 1048576K
}
Event: 16.012 GC heap before
{Heap before GC invocations=51 (full 0):
 garbage-first heap   total 206848K, used 184983K [0x0000000080000000, 0x0000000100000000)
  region size 1024K, 64 young (65536K), 5 survivors (5120K)
 Metaspace       used 117331K, committed 119616K, reserved 1179648K
  class space    used 16347K, committed 17472K, reserved 1048576K
}
Event: 16.019 GC heap after
{Heap after GC invocations=52 (full 0):
 garbage-first heap   total 206848K, used 127136K [0x0000000080000000, 0x0000000100000000)
  region size 1024K, 8 young (8192K), 8 survivors (8192K)
 Metaspace       used 117331K, committed 119616K, reserved 1179648K
  class space    used 16347K, committed 17472K, reserved 1048576K
}
Event: 16.477 GC heap before
{Heap before GC invocations=52 (full 0):
 garbage-first heap   total 206848K, used 186528K [0x0000000080000000, 0x0000000100000000)
  region size 1024K, 66 young (67584K), 8 survivors (8192K)
 Metaspace       used 118381K, committed 120640K, reserved 1179648K
  class space    used 16506K, committed 17600K, reserved 1048576K
}
Event: 16.486 GC heap after
{Heap after GC invocations=53 (full 0):
 garbage-first heap   total 206848K, used 130536K [0x0000000080000000, 0x0000000100000000)
  region size 1024K, 6 young (6144K), 6 survivors (6144K)
 Metaspace       used 118381K, committed 120640K, reserved 1179648K
  class space    used 16506K, committed 17600K, reserved 1048576K
}
Event: 16.695 GC heap before
{Heap before GC invocations=53 (full 0):
 garbage-first heap   total 219136K, used 186856K [0x0000000080000000, 0x0000000100000000)
  region size 1024K, 62 young (63488K), 6 survivors (6144K)
 Metaspace       used 118760K, committed 121024K, reserved 1179648K
  class space    used 16552K, committed 17664K, reserved 1048576K
}
Event: 16.699 GC heap after
{Heap after GC invocations=54 (full 0):
 garbage-first heap   total 219136K, used 130648K [0x0000000080000000, 0x0000000100000000)
  region size 1024K, 2 young (2048K), 2 survivors (2048K)
 Metaspace       used 118760K, committed 121024K, reserved 1179648K
  class space    used 16552K, committed 17664K, reserved 1048576K
}
Event: 16.849 GC heap before
{Heap before GC invocations=55 (full 0):
 garbage-first heap   total 219136K, used 198232K [0x0000000080000000, 0x0000000100000000)
  region size 1024K, 69 young (70656K), 2 survivors (2048K)
 Metaspace       used 118793K, committed 121088K, reserved 1179648K
  class space    used 16552K, committed 17664K, reserved 1048576K
}

