# JRE version: OpenJDK Runtime Environment (21.0.7) (build 21.0.7+-13880790-b1038.58)
# Java VM: OpenJDK 64-Bit Server VM (21.0.7+-13880790-b1038.58, mixed mode, tiered, compressed oops, compressed class ptrs, g1 gc, windows-amd64)
GC Precious Log:
 CardTable entry size: 512
 Card Set container configuration: InlinePtr #cards 5 size 8 Array Of Cards #cards 12 size 40 Howl #buckets 4 coarsen threshold 1843 Howl Bitmap #cards 512 size 80 coarsen threshold 460 Card regions per heap region 1 cards per card region 2048
 CPUs: 8 total, 8 available
 Memory: 16337M
 Large Page Support: Disabled
 NUMA Support: Disabled
 Compressed Oops: Enabled (32-bit)
 Heap Region Size: 1M
 Heap Min Capacity: 8M
 Heap Initial Capacity: 256M
 Heap Max Capacity: 2G
 Pre-touch: Disabled
 Parallel Workers: 8
 Concurrent Workers: 2
 Concurrent Refinement Workers: 8
 Periodic GC: Disabled
Heap:
 garbage-first heap   total 353280K, used 219364K [0x0000000080000000, 0x0000000100000000)
  region size 1024K, 80 young (81920K), 10 survivors (10240K)
 Metaspace       used 129835K, committed 132160K, reserved 1179648K
  class space    used 17525K, committed 18688K, reserved 1048576K
GC Heap History (20 events):
Event: 20.560 GC heap before
{Heap before GC invocations=55 (full 0):
 garbage-first heap   total 258048K, used 204800K [0x0000000080000000, 0x0000000100000000)
  region size 1024K, 38 young (38912K), 7 survivors (7168K)
 Metaspace       used 121097K, committed 123392K, reserved 1179648K
  class space    used 16637K, committed 17792K, reserved 1048576K
}
Event: 20.573 GC heap after
{Heap after GC invocations=56 (full 0):
 garbage-first heap   total 258048K, used 183842K [0x0000000080000000, 0x0000000100000000)
  region size 1024K, 7 young (7168K), 7 survivors (7168K)
 Metaspace       used 121097K, committed 123392K, reserved 1179648K
  class space    used 16637K, committed 17792K, reserved 1048576K
}
Event: 21.017 GC heap before
{Heap before GC invocations=57 (full 0):
 garbage-first heap   total 353280K, used 249378K [0x0000000080000000, 0x0000000100000000)
  region size 1024K, 44 young (45056K), 7 survivors (7168K)
 Metaspace       used 121712K, committed 124032K, reserved 1179648K
  class space    used 16698K, committed 17856K, reserved 1048576K
}
Event: 21.025 GC heap after
{Heap after GC invocations=58 (full 0):
 garbage-first heap   total 353280K, used 190464K [0x0000000080000000, 0x0000000100000000)
  region size 1024K, 6 young (6144K), 6 survivors (6144K)
 Metaspace       used 121712K, committed 124032K, reserved 1179648K
  class space    used 16698K, committed 17856K, reserved 1048576K
}
Event: 21.705 GC heap before
{Heap before GC invocations=58 (full 0):
 garbage-first heap   total 353280K, used 279552K [0x0000000080000000, 0x0000000100000000)
  region size 1024K, 94 young (96256K), 6 survivors (6144K)
 Metaspace       used 125224K, committed 127488K, reserved 1179648K
  class space    used 17015K, committed 18112K, reserved 1048576K
}
Event: 21.714 GC heap after
{Heap after GC invocations=59 (full 0):
 garbage-first heap   total 353280K, used 197632K [0x0000000080000000, 0x0000000100000000)
  region size 1024K, 12 young (12288K), 12 survivors (12288K)
 Metaspace       used 125224K, committed 127488K, reserved 1179648K
  class space    used 17015K, committed 18112K, reserved 1048576K
}
Event: 22.174 GC heap before
{Heap before GC invocations=59 (full 0):
 garbage-first heap   total 353280K, used 288768K [0x0000000080000000, 0x0000000100000000)
  region size 1024K, 102 young (104448K), 12 survivors (12288K)
 Metaspace       used 126250K, committed 128512K, reserved 1179648K
  class space    used 17120K, committed 18240K, reserved 1048576K
}
Event: 22.183 GC heap after
{Heap after GC invocations=60 (full 0):
 garbage-first heap   total 353280K, used 197364K [0x0000000080000000, 0x0000000100000000)
  region size 1024K, 8 young (8192K), 8 survivors (8192K)
 Metaspace       used 126250K, committed 128512K, reserved 1179648K
  class space    used 17120K, committed 18240K, reserved 1048576K
}
Event: 22.195 GC heap before
{Heap before GC invocations=60 (full 0):
 garbage-first heap   total 353280K, used 199412K [0x0000000080000000, 0x0000000100000000)
  region size 1024K, 11 young (11264K), 8 survivors (8192K)
 Metaspace       used 126338K, committed 128576K, reserved 1179648K
  class space    used 17133K, committed 18240K, reserved 1048576K
}
Event: 22.200 GC heap after
{Heap after GC invocations=61 (full 0):
 garbage-first heap   total 353280K, used 198572K [0x0000000080000000, 0x0000000100000000)
  region size 1024K, 2 young (2048K), 2 survivors (2048K)
 Metaspace       used 126338K, committed 128576K, reserved 1179648K
  class space    used 17133K, committed 18240K, reserved 1048576K
}
Event: 23.342 GC heap before
{Heap before GC invocations=62 (full 0):
 garbage-first heap   total 353280K, used 269228K [0x0000000080000000, 0x0000000100000000)
  region size 1024K, 99 young (101376K), 2 survivors (2048K)
 Metaspace       used 128131K, committed 130432K, reserved 1179648K
  class space    used 17331K, committed 18496K, reserved 1048576K
}
Event: 23.347 GC heap after
{Heap after GC invocations=63 (full 0):
 garbage-first heap   total 353280K, used 174023K [0x0000000080000000, 0x0000000100000000)
  region size 1024K, 7 young (7168K), 7 survivors (7168K)
 Metaspace       used 128131K, committed 130432K, reserved 1179648K
  class space    used 17331K, committed 18496K, reserved 1048576K
}
Event: 24.278 GC heap before
{Heap before GC invocations=63 (full 0):
 garbage-first heap   total 353280K, used 286663K [0x0000000080000000, 0x0000000100000000)
  region size 1024K, 118 young (120832K), 7 survivors (7168K)
 Metaspace       used 129658K, committed 132032K, reserved 1179648K
  class space    used 17517K, committed 18688K, reserved 1048576K
}
Event: 24.288 GC heap after
{Heap after GC invocations=64 (full 0):
 garbage-first heap   total 353280K, used 160378K [0x0000000080000000, 0x0000000100000000)
  region size 1024K, 10 young (10240K), 10 survivors (10240K)
 Metaspace       used 129658K, committed 132032K, reserved 1179648K
  class space    used 17517K, committed 18688K, reserved 1048576K
}
Event: 24.484 GC heap before
{Heap before GC invocations=64 (full 0):
 garbage-first heap   total 353280K, used 302714K [0x0000000080000000, 0x0000000100000000)
  region size 1024K, 150 young (153600K), 10 survivors (10240K)
 Metaspace       used 129709K, committed 132032K, reserved 1179648K
  class space    used 17524K, committed 18688K, reserved 1048576K
}
Event: 24.493 GC heap after
{Heap after GC invocations=65 (full 0):
 garbage-first heap   total 353280K, used 161827K [0x0000000080000000, 0x0000000100000000)
  region size 1024K, 12 young (12288K), 12 survivors (12288K)
 Metaspace       used 129709K, committed 132032K, reserved 1179648K
  class space    used 17524K, committed 18688K, reserved 1048576K
}
Event: 24.802 GC heap before
{Heap before GC invocations=66 (full 0):
 garbage-first heap   total 353280K, used 312355K [0x0000000080000000, 0x0000000100000000)
  region size 1024K, 161 young (164864K), 12 survivors (12288K)
 Metaspace       used 129749K, committed 132096K, reserved 1179648K
  class space    used 17524K, committed 18688K, reserved 1048576K
}
Event: 24.808 GC heap after
{Heap after GC invocations=67 (full 0):
 garbage-first heap   total 353280K, used 161338K [0x0000000080000000, 0x0000000100000000)
  region size 1024K, 11 young (11264K), 11 survivors (11264K)
 Metaspace       used 129749K, committed 132096K, reserved 1179648K
  class space    used 17524K, committed 18688K, reserved 1048576K
}
Event: 25.220 GC heap before
{Heap before GC invocations=67 (full 0):
 garbage-first heap   total 353280K, used 322106K [0x0000000080000000, 0x0000000100000000)
  region size 1024K, 169 young (173056K), 11 survivors (11264K)
 Metaspace       used 129814K, committed 132160K, reserved 1179648K
  class space    used 17524K, committed 18688K, reserved 1048576K
}
Event: 25.228 GC heap after
{Heap after GC invocations=68 (full 0):
 garbage-first heap   total 353280K, used 149732K [0x0000000080000000, 0x0000000100000000)
  region size 1024K, 10 young (10240K), 10 survivors (10240K)
 Metaspace       used 129814K, committed 132160K, reserved 1179648K
  class space    used 17524K, committed 18688K, reserved 1048576K
}

