# JRE version: OpenJDK Runtime Environment (21.0.7) (build 21.0.7+-13880790-b1038.58)
# Java VM: OpenJDK 64-Bit Server VM (21.0.7+-13880790-b1038.58, mixed mode, tiered, compressed oops, compressed class ptrs, g1 gc, windows-amd64)
GC Precious Log:
 CardTable entry size: 512
 Card Set container configuration: InlinePtr #cards 5 size 8 Array Of Cards #cards 12 size 40 Howl #buckets 4 coarsen threshold 1843 Howl Bitmap #cards 512 size 80 coarsen threshold 460 Card regions per heap region 1 cards per card region 2048
 CPUs: 8 total, 8 available
 Memory: 16337M
 Large Page Support: Disabled
 NUMA Support: Disabled
 Compressed Oops: Enabled (32-bit)
 Heap Region Size: 1M
 Heap Min Capacity: 8M
 Heap Initial Capacity: 256M
 Heap Max Capacity: 2G
 Pre-touch: Disabled
 Parallel Workers: 8
 Concurrent Workers: 2
 Concurrent Refinement Workers: 8
 Periodic GC: Disabled
Heap:
 garbage-first heap   total 276480K, used 197198K [0x0000000080000000, 0x0000000100000000)
  region size 1024K, 9 young (9216K), 9 survivors (9216K)
 Metaspace       used 131632K, committed 133888K, reserved 1179648K
  class space    used 18126K, committed 19264K, reserved 1048576K
GC Heap History (20 events):
Event: 14.818 GC heap after
{Heap after GC invocations=45 (full 0):
 garbage-first heap   total 194560K, used 122326K [0x0000000080000000, 0x0000000100000000)
  region size 1024K, 6 young (6144K), 6 survivors (6144K)
 Metaspace       used 116653K, committed 118848K, reserved 1179648K
  class space    used 16228K, committed 17344K, reserved 1048576K
}
Event: 15.007 GC heap before
{Heap before GC invocations=45 (full 0):
 garbage-first heap   total 194560K, used 174550K [0x0000000080000000, 0x0000000100000000)
  region size 1024K, 58 young (59392K), 6 survivors (6144K)
 Metaspace       used 116919K, committed 119232K, reserved 1179648K
  class space    used 16286K, committed 17408K, reserved 1048576K
}
Event: 15.013 GC heap after
{Heap after GC invocations=46 (full 0):
 garbage-first heap   total 233472K, used 124128K [0x0000000080000000, 0x0000000100000000)
  region size 1024K, 5 young (5120K), 5 survivors (5120K)
 Metaspace       used 116919K, committed 119232K, reserved 1179648K
  class space    used 16286K, committed 17408K, reserved 1048576K
}
Event: 15.628 GC heap before
{Heap before GC invocations=46 (full 0):
 garbage-first heap   total 233472K, used 205024K [0x0000000080000000, 0x0000000100000000)
  region size 1024K, 85 young (87040K), 5 survivors (5120K)
 Metaspace       used 119146K, committed 121472K, reserved 1179648K
  class space    used 16559K, committed 17728K, reserved 1048576K
}
Event: 15.634 GC heap after
{Heap after GC invocations=47 (full 0):
 garbage-first heap   total 233472K, used 128650K [0x0000000080000000, 0x0000000100000000)
  region size 1024K, 9 young (9216K), 9 survivors (9216K)
 Metaspace       used 119146K, committed 121472K, reserved 1179648K
  class space    used 16559K, committed 17728K, reserved 1048576K
}
Event: 16.839 GC heap before
{Heap before GC invocations=47 (full 0):
 garbage-first heap   total 233472K, used 208522K [0x0000000080000000, 0x0000000100000000)
  region size 1024K, 88 young (90112K), 9 survivors (9216K)
 Metaspace       used 120499K, committed 122816K, reserved 1179648K
  class space    used 16636K, committed 17792K, reserved 1048576K
}
Event: 16.845 GC heap after
{Heap after GC invocations=48 (full 0):
 garbage-first heap   total 233472K, used 129396K [0x0000000080000000, 0x0000000100000000)
  region size 1024K, 4 young (4096K), 4 survivors (4096K)
 Metaspace       used 120499K, committed 122816K, reserved 1179648K
  class space    used 16636K, committed 17792K, reserved 1048576K
}
Event: 17.407 GC heap before
{Heap before GC invocations=48 (full 0):
 garbage-first heap   total 233472K, used 179572K [0x0000000080000000, 0x0000000100000000)
  region size 1024K, 55 young (56320K), 4 survivors (4096K)
 Metaspace       used 120928K, committed 123264K, reserved 1179648K
  class space    used 16680K, committed 17856K, reserved 1048576K
}
Event: 17.411 GC heap after
{Heap after GC invocations=49 (full 0):
 garbage-first heap   total 233472K, used 131109K [0x0000000080000000, 0x0000000100000000)
  region size 1024K, 6 young (6144K), 6 survivors (6144K)
 Metaspace       used 120928K, committed 123264K, reserved 1179648K
  class space    used 16680K, committed 17856K, reserved 1048576K
}
Event: 18.239 GC heap before
{Heap before GC invocations=50 (full 0):
 garbage-first heap   total 233472K, used 217125K [0x0000000080000000, 0x0000000100000000)
  region size 1024K, 86 young (88064K), 6 survivors (6144K)
 Metaspace       used 123637K, committed 125952K, reserved 1179648K
  class space    used 16936K, committed 18112K, reserved 1048576K
}
Event: 18.247 GC heap after
{Heap after GC invocations=51 (full 0):
 garbage-first heap   total 233472K, used 137469K [0x0000000080000000, 0x0000000100000000)
  region size 1024K, 11 young (11264K), 11 survivors (11264K)
 Metaspace       used 123637K, committed 125952K, reserved 1179648K
  class space    used 16936K, committed 18112K, reserved 1048576K
}
Event: 18.370 GC heap before
{Heap before GC invocations=51 (full 0):
 garbage-first heap   total 233472K, used 208125K [0x0000000080000000, 0x0000000100000000)
  region size 1024K, 81 young (82944K), 11 survivors (11264K)
 Metaspace       used 124483K, committed 126784K, reserved 1179648K
  class space    used 17055K, committed 18176K, reserved 1048576K
}
Event: 18.380 GC heap after
{Heap after GC invocations=52 (full 0):
 garbage-first heap   total 238592K, used 151996K [0x0000000080000000, 0x0000000100000000)
  region size 1024K, 11 young (11264K), 11 survivors (11264K)
 Metaspace       used 124483K, committed 126784K, reserved 1179648K
  class space    used 17055K, committed 18176K, reserved 1048576K
}
Event: 18.839 GC heap before
{Heap before GC invocations=52 (full 0):
 garbage-first heap   total 238592K, used 212412K [0x0000000080000000, 0x0000000100000000)
  region size 1024K, 71 young (72704K), 11 survivors (11264K)
 Metaspace       used 128303K, committed 130560K, reserved 1179648K
  class space    used 17629K, committed 18752K, reserved 1048576K
}
Event: 18.846 GC heap after
{Heap after GC invocations=53 (full 0):
 garbage-first heap   total 238592K, used 162816K [0x0000000080000000, 0x0000000100000000)
  region size 1024K, 9 young (9216K), 9 survivors (9216K)
 Metaspace       used 128303K, committed 130560K, reserved 1179648K
  class space    used 17629K, committed 18752K, reserved 1048576K
}
Event: 19.087 GC heap before
{Heap before GC invocations=54 (full 0):
 garbage-first heap   total 271360K, used 214016K [0x0000000080000000, 0x0000000100000000)
  region size 1024K, 60 young (61440K), 9 survivors (9216K)
 Metaspace       used 129524K, committed 131840K, reserved 1179648K
  class space    used 17841K, committed 19008K, reserved 1048576K
}
Event: 19.100 GC heap after
{Heap after GC invocations=55 (full 0):
 garbage-first heap   total 271360K, used 172294K [0x0000000080000000, 0x0000000100000000)
  region size 1024K, 8 young (8192K), 8 survivors (8192K)
 Metaspace       used 129524K, committed 131840K, reserved 1179648K
  class space    used 17841K, committed 19008K, reserved 1048576K
}
Event: 19.296 GC heap before
{Heap before GC invocations=55 (full 0):
 garbage-first heap   total 271360K, used 239878K [0x0000000080000000, 0x0000000100000000)
  region size 1024K, 74 young (75776K), 8 survivors (8192K)
 Metaspace       used 130614K, committed 132864K, reserved 1179648K
  class space    used 18009K, committed 19136K, reserved 1048576K
}
Event: 19.315 GC heap after
{Heap after GC invocations=56 (full 0):
 garbage-first heap   total 271360K, used 185052K [0x0000000080000000, 0x0000000100000000)
  region size 1024K, 10 young (10240K), 10 survivors (10240K)
 Metaspace       used 130614K, committed 132864K, reserved 1179648K
  class space    used 18009K, committed 19136K, reserved 1048576K
}
Event: 19.457 GC heap before
{Heap before GC invocations=56 (full 0):
 garbage-first heap   total 271360K, used 242396K [0x0000000080000000, 0x0000000100000000)
  region size 1024K, 67 young (68608K), 10 survivors (10240K)
 Metaspace       used 131632K, committed 133888K, reserved 1179648K
  class space    used 18126K, committed 19264K, reserved 1048576K
}

